  Building Custom Rule C:/Users/Maxime/GIT/EIP---HTTPS_SRV/test/mysql/mysql-connector-c++-1.1.6/test/framework/CMakeLists.txt
  CMake does not need to re-run because C:\Users\Maxime\GIT\EIP---HTTPS_SRV\test\mysql\mysql-connector-c++-1.1.6\test\framework\CMakeFiles\generate.stamp is up-to-date.
  test_suite.cpp
C:\Users\Maxime\GIT\EIP---HTTPS_SRV\test\mysql\mysql-connector-c++-1.1.6\cppconn/exception.h(61): warning C4251: 'sql::SQLException::sql_state' : class 'std::basic_string<char,std::char_traits<char>,std::allocator<char>>' nécessite une interface DLL pour être utilisé(e) par les clients de class 'sql::SQLException'
C:\Users\Maxime\GIT\EIP---HTTPS_SRV\test\mysql\mysql-connector-c++-1.1.6\cppconn/exception.h(145): warning C4251: 'sql::SQLUnsupportedOptionException::option' : class 'std::basic_string<char,std::char_traits<char>,std::allocator<char>>' nécessite une interface DLL pour être utilisé(e) par les clients de struct 'sql::SQLUnsupportedOptionException'
  test_factory.cpp
  test_listener.cpp
C:\Users\Maxime\GIT\EIP---HTTPS_SRV\test\mysql\mysql-connector-c++-1.1.6\cppconn/exception.h(61): warning C4251: 'sql::SQLException::sql_state' : class 'std::basic_string<char,std::char_traits<char>,std::allocator<char>>' nécessite une interface DLL pour être utilisé(e) par les clients de class 'sql::SQLException'
C:\Users\Maxime\GIT\EIP---HTTPS_SRV\test\mysql\mysql-connector-c++-1.1.6\cppconn/exception.h(145): warning C4251: 'sql::SQLUnsupportedOptionException::option' : class 'std::basic_string<char,std::char_traits<char>,std::allocator<char>>' nécessite une interface DLL pour être utilisé(e) par les clients de struct 'sql::SQLUnsupportedOptionException'
  test_asserts.cpp
c:\users\maxime\git\eip---https_srv\test\mysql\mysql-connector-c++-1.1.6\cppconn\sqlstring.h(39): warning C4251: 'sql::SQLString::realStr' : class 'std::basic_string<char,std::char_traits<char>,std::allocator<char>>' nécessite une interface DLL pour être utilisé(e) par les clients de class 'sql::SQLString'
C:\Users\Maxime\GIT\EIP---HTTPS_SRV\test\mysql\mysql-connector-c++-1.1.6\cppconn/exception.h(61): warning C4251: 'sql::SQLException::sql_state' : class 'std::basic_string<char,std::char_traits<char>,std::allocator<char>>' nécessite une interface DLL pour être utilisé(e) par les clients de class 'sql::SQLException'
C:\Users\Maxime\GIT\EIP---HTTPS_SRV\test\mysql\mysql-connector-c++-1.1.6\cppconn/exception.h(145): warning C4251: 'sql::SQLUnsupportedOptionException::option' : class 'std::basic_string<char,std::char_traits<char>,std::allocator<char>>' nécessite une interface DLL pour être utilisé(e) par les clients de struct 'sql::SQLUnsupportedOptionException'
  test_tapOutputter.cpp
C:\Program Files (x86)\Windows Kits\10\Include\10.0.10240.0\ucrt\stdlib.h(538): error C2146: erreur de syntaxe : absence de ')' avant l'identificateur '_String'
C:\Program Files (x86)\Windows Kits\10\Include\10.0.10240.0\ucrt\stdlib.h(538): error C2065: '_String' : identificateur non déclaré
C:\Program Files (x86)\Windows Kits\10\Include\10.0.10240.0\ucrt\stdlib.h(538): warning C4229: anachronisme utilisé : modificateurs de données ignorés
C:\Program Files (x86)\Windows Kits\10\Include\10.0.10240.0\ucrt\stdlib.h(538): error C2491: '_strtoi64' : définition de données dllimport non autorisée
C:\Program Files (x86)\Windows Kits\10\Include\10.0.10240.0\ucrt\stdlib.h(538): error C2062: type 'char' inattendu
C:\Program Files (x86)\Windows Kits\10\Include\10.0.10240.0\ucrt\stdlib.h(538): error C2059: erreur de syntaxe : ')'
C:\Program Files (x86)\Windows Kits\10\Include\10.0.10240.0\ucrt\stdlib.h(568): error C2146: erreur de syntaxe : absence de ')' avant l'identificateur '_String'
C:\Program Files (x86)\Windows Kits\10\Include\10.0.10240.0\ucrt\stdlib.h(568): error C2065: '_String' : identificateur non déclaré
C:\Program Files (x86)\Windows Kits\10\Include\10.0.10240.0\ucrt\stdlib.h(568): warning C4229: anachronisme utilisé : modificateurs de données ignorés
C:\Program Files (x86)\Windows Kits\10\Include\10.0.10240.0\ucrt\stdlib.h(568): error C2491: '_strtoui64' : définition de données dllimport non autorisée
C:\Program Files (x86)\Windows Kits\10\Include\10.0.10240.0\ucrt\stdlib.h(568): error C2062: type 'char' inattendu
C:\Program Files (x86)\Windows Kits\10\Include\10.0.10240.0\ucrt\stdlib.h(568): error C2059: erreur de syntaxe : ')'
C:\Program Files (x86)\Windows Kits\10\Include\10.0.10240.0\ucrt\stdlib.h(583): error C2365: '_strtoi64' : redéfinition ; la précédente définition était 'variable de données'
  C:\Program Files (x86)\Windows Kits\10\Include\10.0.10240.0\ucrt\stdlib.h(538): note: voir la déclaration de '_strtoi64'
C:\Program Files (x86)\Windows Kits\10\Include\10.0.10240.0\ucrt\stdlib.h(598): error C2365: '_strtoui64' : redéfinition ; la précédente définition était 'variable de données'
  C:\Program Files (x86)\Windows Kits\10\Include\10.0.10240.0\ucrt\stdlib.h(568): note: voir la déclaration de '_strtoui64'
C:\Program Files (x86)\Microsoft Visual Studio 14.0\VC\include\cstdlib(39): error C2039: 'strtoll' : n'est pas membre de '`global namespace''
C:\Program Files (x86)\Microsoft Visual Studio 14.0\VC\include\cstdlib(39): error C2873: 'strtoll' : un symbole ne peut pas être utilisé dans une déclaration using
C:\Program Files (x86)\Microsoft Visual Studio 14.0\VC\include\cstdlib(39): error C2039: 'strtoull' : n'est pas membre de '`global namespace''
C:\Program Files (x86)\Microsoft Visual Studio 14.0\VC\include\cstdlib(39): error C2873: 'strtoull' : un symbole ne peut pas être utilisé dans une déclaration using
C:\Program Files (x86)\Microsoft Visual Studio 14.0\VC\include\string(274): error C2064: le terme ne correspond pas à une fonction qui prend 3 arguments
C:\Program Files (x86)\Microsoft Visual Studio 14.0\VC\include\string(291): error C2064: le terme ne correspond pas à une fonction qui prend 3 arguments
  test_runner.cpp
C:\Users\Maxime\GIT\EIP---HTTPS_SRV\test\mysql\mysql-connector-c++-1.1.6\cppconn/exception.h(61): warning C4251: 'sql::SQLException::sql_state' : class 'std::basic_string<char,std::char_traits<char>,std::allocator<char>>' nécessite une interface DLL pour être utilisé(e) par les clients de class 'sql::SQLException'
C:\Users\Maxime\GIT\EIP---HTTPS_SRV\test\mysql\mysql-connector-c++-1.1.6\cppconn/exception.h(145): warning C4251: 'sql::SQLUnsupportedOptionException::option' : class 'std::basic_string<char,std::char_traits<char>,std::allocator<char>>' nécessite une interface DLL pour être utilisé(e) par les clients de struct 'sql::SQLUnsupportedOptionException'
  test_container.cpp
  test_timer.cpp
C:\Program Files (x86)\Windows Kits\10\Include\10.0.10240.0\ucrt\stdlib.h(538): error C2146: erreur de syntaxe : absence de ')' avant l'identificateur '_String'
C:\Program Files (x86)\Windows Kits\10\Include\10.0.10240.0\ucrt\stdlib.h(538): error C2065: '_String' : identificateur non déclaré
C:\Program Files (x86)\Windows Kits\10\Include\10.0.10240.0\ucrt\stdlib.h(538): warning C4229: anachronisme utilisé : modificateurs de données ignorés
C:\Program Files (x86)\Windows Kits\10\Include\10.0.10240.0\ucrt\stdlib.h(538): error C2491: '_strtoi64' : définition de données dllimport non autorisée
C:\Program Files (x86)\Windows Kits\10\Include\10.0.10240.0\ucrt\stdlib.h(538): error C2062: type 'char' inattendu
C:\Program Files (x86)\Windows Kits\10\Include\10.0.10240.0\ucrt\stdlib.h(538): error C2059: erreur de syntaxe : ')'
C:\Program Files (x86)\Windows Kits\10\Include\10.0.10240.0\ucrt\stdlib.h(568): error C2146: erreur de syntaxe : absence de ')' avant l'identificateur '_String'
C:\Program Files (x86)\Windows Kits\10\Include\10.0.10240.0\ucrt\stdlib.h(568): error C2065: '_String' : identificateur non déclaré
C:\Program Files (x86)\Windows Kits\10\Include\10.0.10240.0\ucrt\stdlib.h(568): warning C4229: anachronisme utilisé : modificateurs de données ignorés
C:\Program Files (x86)\Windows Kits\10\Include\10.0.10240.0\ucrt\stdlib.h(568): error C2491: '_strtoui64' : définition de données dllimport non autorisée
C:\Program Files (x86)\Windows Kits\10\Include\10.0.10240.0\ucrt\stdlib.h(568): error C2062: type 'char' inattendu
C:\Program Files (x86)\Windows Kits\10\Include\10.0.10240.0\ucrt\stdlib.h(568): error C2059: erreur de syntaxe : ')'
C:\Program Files (x86)\Windows Kits\10\Include\10.0.10240.0\ucrt\stdlib.h(583): error C2365: '_strtoi64' : redéfinition ; la précédente définition était 'variable de données'
  C:\Program Files (x86)\Windows Kits\10\Include\10.0.10240.0\ucrt\stdlib.h(538): note: voir la déclaration de '_strtoi64'
C:\Program Files (x86)\Windows Kits\10\Include\10.0.10240.0\ucrt\stdlib.h(598): error C2365: '_strtoui64' : redéfinition ; la précédente définition était 'variable de données'
  C:\Program Files (x86)\Windows Kits\10\Include\10.0.10240.0\ucrt\stdlib.h(568): note: voir la déclaration de '_strtoui64'
C:\Program Files (x86)\Microsoft Visual Studio 14.0\VC\include\cstdlib(39): error C2039: 'strtoll' : n'est pas membre de '`global namespace''
C:\Program Files (x86)\Microsoft Visual Studio 14.0\VC\include\cstdlib(39): error C2873: 'strtoll' : un symbole ne peut pas être utilisé dans une déclaration using
C:\Program Files (x86)\Microsoft Visual Studio 14.0\VC\include\cstdlib(39): error C2039: 'strtoull' : n'est pas membre de '`global namespace''
C:\Program Files (x86)\Microsoft Visual Studio 14.0\VC\include\cstdlib(39): error C2873: 'strtoull' : un symbole ne peut pas être utilisé dans une déclaration using
C:\Program Files (x86)\Microsoft Visual Studio 14.0\VC\include\string(274): error C2064: le terme ne correspond pas à une fonction qui prend 3 arguments
C:\Program Files (x86)\Microsoft Visual Studio 14.0\VC\include\string(291): error C2064: le terme ne correspond pas à une fonction qui prend 3 arguments
  stringutils.cpp
C:\Program Files (x86)\Windows Kits\10\Include\10.0.10240.0\ucrt\stdlib.h(538): error C2146: erreur de syntaxe : absence de ')' avant l'identificateur '_String'
C:\Program Files (x86)\Windows Kits\10\Include\10.0.10240.0\ucrt\stdlib.h(538): error C2065: '_String' : identificateur non déclaré
C:\Program Files (x86)\Windows Kits\10\Include\10.0.10240.0\ucrt\stdlib.h(538): warning C4229: anachronisme utilisé : modificateurs de données ignorés
C:\Program Files (x86)\Windows Kits\10\Include\10.0.10240.0\ucrt\stdlib.h(538): error C2491: '_strtoi64' : définition de données dllimport non autorisée
C:\Program Files (x86)\Windows Kits\10\Include\10.0.10240.0\ucrt\stdlib.h(538): error C2062: type 'char' inattendu
C:\Program Files (x86)\Windows Kits\10\Include\10.0.10240.0\ucrt\stdlib.h(538): error C2059: erreur de syntaxe : ')'
C:\Program Files (x86)\Windows Kits\10\Include\10.0.10240.0\ucrt\stdlib.h(568): error C2146: erreur de syntaxe : absence de ')' avant l'identificateur '_String'
C:\Program Files (x86)\Windows Kits\10\Include\10.0.10240.0\ucrt\stdlib.h(568): error C2065: '_String' : identificateur non déclaré
C:\Program Files (x86)\Windows Kits\10\Include\10.0.10240.0\ucrt\stdlib.h(568): warning C4229: anachronisme utilisé : modificateurs de données ignorés
C:\Program Files (x86)\Windows Kits\10\Include\10.0.10240.0\ucrt\stdlib.h(568): error C2491: '_strtoui64' : définition de données dllimport non autorisée
C:\Program Files (x86)\Windows Kits\10\Include\10.0.10240.0\ucrt\stdlib.h(568): error C2062: type 'char' inattendu
C:\Program Files (x86)\Windows Kits\10\Include\10.0.10240.0\ucrt\stdlib.h(568): error C2059: erreur de syntaxe : ')'
C:\Program Files (x86)\Windows Kits\10\Include\10.0.10240.0\ucrt\stdlib.h(583): error C2365: '_strtoi64' : redéfinition ; la précédente définition était 'variable de données'
  C:\Program Files (x86)\Windows Kits\10\Include\10.0.10240.0\ucrt\stdlib.h(538): note: voir la déclaration de '_strtoi64'
C:\Program Files (x86)\Windows Kits\10\Include\10.0.10240.0\ucrt\stdlib.h(598): error C2365: '_strtoui64' : redéfinition ; la précédente définition était 'variable de données'
  C:\Program Files (x86)\Windows Kits\10\Include\10.0.10240.0\ucrt\stdlib.h(568): note: voir la déclaration de '_strtoui64'
C:\Program Files (x86)\Microsoft Visual Studio 14.0\VC\include\cstdlib(39): error C2039: 'strtoll' : n'est pas membre de '`global namespace''
C:\Program Files (x86)\Microsoft Visual Studio 14.0\VC\include\cstdlib(39): error C2873: 'strtoll' : un symbole ne peut pas être utilisé dans une déclaration using
C:\Program Files (x86)\Microsoft Visual Studio 14.0\VC\include\cstdlib(39): error C2039: 'strtoull' : n'est pas membre de '`global namespace''
C:\Program Files (x86)\Microsoft Visual Studio 14.0\VC\include\cstdlib(39): error C2873: 'strtoull' : un symbole ne peut pas être utilisé dans une déclaration using
C:\Program Files (x86)\Microsoft Visual Studio 14.0\VC\include\string(274): error C2064: le terme ne correspond pas à une fonction qui prend 3 arguments
C:\Program Files (x86)\Microsoft Visual Studio 14.0\VC\include\string(291): error C2064: le terme ne correspond pas à une fonction qui prend 3 arguments
C:\Users\Maxime\GIT\EIP---HTTPS_SRV\test\mysql\mysql-connector-c++-1.1.6\test\common\stringutils.cpp(150): error C2064: le terme ne correspond pas à une fonction qui prend 3 arguments
  file.cpp
C:\Users\Maxime\GIT\EIP---HTTPS_SRV\test\mysql\mysql-connector-c++-1.1.6\test\common\file.cpp(135): warning C4244: 'argument' : conversion de 'std::streamsize' en 'unsigned int', perte possible de données
  start_options.cpp
C:\Program Files (x86)\Windows Kits\10\Include\10.0.10240.0\ucrt\stdlib.h(538): error C2146: erreur de syntaxe : absence de ')' avant l'identificateur '_String'
C:\Program Files (x86)\Windows Kits\10\Include\10.0.10240.0\ucrt\stdlib.h(538): error C2065: '_String' : identificateur non déclaré
C:\Program Files (x86)\Windows Kits\10\Include\10.0.10240.0\ucrt\stdlib.h(538): warning C4229: anachronisme utilisé : modificateurs de données ignorés
C:\Program Files (x86)\Windows Kits\10\Include\10.0.10240.0\ucrt\stdlib.h(538): error C2491: '_strtoi64' : définition de données dllimport non autorisée
C:\Program Files (x86)\Windows Kits\10\Include\10.0.10240.0\ucrt\stdlib.h(538): error C2062: type 'char' inattendu
C:\Program Files (x86)\Windows Kits\10\Include\10.0.10240.0\ucrt\stdlib.h(538): error C2059: erreur de syntaxe : ')'
C:\Program Files (x86)\Windows Kits\10\Include\10.0.10240.0\ucrt\stdlib.h(568): error C2146: erreur de syntaxe : absence de ')' avant l'identificateur '_String'
C:\Program Files (x86)\Windows Kits\10\Include\10.0.10240.0\ucrt\stdlib.h(568): error C2065: '_String' : identificateur non déclaré
C:\Program Files (x86)\Windows Kits\10\Include\10.0.10240.0\ucrt\stdlib.h(568): warning C4229: anachronisme utilisé : modificateurs de données ignorés
C:\Program Files (x86)\Windows Kits\10\Include\10.0.10240.0\ucrt\stdlib.h(568): error C2491: '_strtoui64' : définition de données dllimport non autorisée
C:\Program Files (x86)\Windows Kits\10\Include\10.0.10240.0\ucrt\stdlib.h(568): error C2062: type 'char' inattendu
C:\Program Files (x86)\Windows Kits\10\Include\10.0.10240.0\ucrt\stdlib.h(568): error C2059: erreur de syntaxe : ')'
C:\Program Files (x86)\Windows Kits\10\Include\10.0.10240.0\ucrt\stdlib.h(583): error C2365: '_strtoi64' : redéfinition ; la précédente définition était 'variable de données'
  C:\Program Files (x86)\Windows Kits\10\Include\10.0.10240.0\ucrt\stdlib.h(538): note: voir la déclaration de '_strtoi64'
C:\Program Files (x86)\Windows Kits\10\Include\10.0.10240.0\ucrt\stdlib.h(598): error C2365: '_strtoui64' : redéfinition ; la précédente définition était 'variable de données'
  C:\Program Files (x86)\Windows Kits\10\Include\10.0.10240.0\ucrt\stdlib.h(568): note: voir la déclaration de '_strtoui64'
C:\Program Files (x86)\Microsoft Visual Studio 14.0\VC\include\cstdlib(39): error C2039: 'strtoll' : n'est pas membre de '`global namespace''
C:\Program Files (x86)\Microsoft Visual Studio 14.0\VC\include\cstdlib(39): error C2873: 'strtoll' : un symbole ne peut pas être utilisé dans une déclaration using
C:\Program Files (x86)\Microsoft Visual Studio 14.0\VC\include\cstdlib(39): error C2039: 'strtoull' : n'est pas membre de '`global namespace''
C:\Program Files (x86)\Microsoft Visual Studio 14.0\VC\include\cstdlib(39): error C2873: 'strtoull' : un symbole ne peut pas être utilisé dans une déclaration using
C:\Program Files (x86)\Microsoft Visual Studio 14.0\VC\include\string(274): error C2064: le terme ne correspond pas à une fonction qui prend 3 arguments
C:\Program Files (x86)\Microsoft Visual Studio 14.0\VC\include\string(291): error C2064: le terme ne correspond pas à une fonction qui prend 3 arguments
  test_filter.cpp
C:\Program Files (x86)\Windows Kits\10\Include\10.0.10240.0\ucrt\stdlib.h(538): error C2146: erreur de syntaxe : absence de ')' avant l'identificateur '_String'
C:\Program Files (x86)\Windows Kits\10\Include\10.0.10240.0\ucrt\stdlib.h(538): error C2065: '_String' : identificateur non déclaré
C:\Program Files (x86)\Windows Kits\10\Include\10.0.10240.0\ucrt\stdlib.h(538): warning C4229: anachronisme utilisé : modificateurs de données ignorés
C:\Program Files (x86)\Windows Kits\10\Include\10.0.10240.0\ucrt\stdlib.h(538): error C2491: '_strtoi64' : définition de données dllimport non autorisée
C:\Program Files (x86)\Windows Kits\10\Include\10.0.10240.0\ucrt\stdlib.h(538): error C2062: type 'char' inattendu
C:\Program Files (x86)\Windows Kits\10\Include\10.0.10240.0\ucrt\stdlib.h(538): error C2059: erreur de syntaxe : ')'
C:\Program Files (x86)\Windows Kits\10\Include\10.0.10240.0\ucrt\stdlib.h(568): error C2146: erreur de syntaxe : absence de ')' avant l'identificateur '_String'
C:\Program Files (x86)\Windows Kits\10\Include\10.0.10240.0\ucrt\stdlib.h(568): error C2065: '_String' : identificateur non déclaré
C:\Program Files (x86)\Windows Kits\10\Include\10.0.10240.0\ucrt\stdlib.h(568): warning C4229: anachronisme utilisé : modificateurs de données ignorés
C:\Program Files (x86)\Windows Kits\10\Include\10.0.10240.0\ucrt\stdlib.h(568): error C2491: '_strtoui64' : définition de données dllimport non autorisée
C:\Program Files (x86)\Windows Kits\10\Include\10.0.10240.0\ucrt\stdlib.h(568): error C2062: type 'char' inattendu
C:\Program Files (x86)\Windows Kits\10\Include\10.0.10240.0\ucrt\stdlib.h(568): error C2059: erreur de syntaxe : ')'
C:\Program Files (x86)\Windows Kits\10\Include\10.0.10240.0\ucrt\stdlib.h(583): error C2365: '_strtoi64' : redéfinition ; la précédente définition était 'variable de données'
  C:\Program Files (x86)\Windows Kits\10\Include\10.0.10240.0\ucrt\stdlib.h(538): note: voir la déclaration de '_strtoi64'
C:\Program Files (x86)\Windows Kits\10\Include\10.0.10240.0\ucrt\stdlib.h(598): error C2365: '_strtoui64' : redéfinition ; la précédente définition était 'variable de données'
  C:\Program Files (x86)\Windows Kits\10\Include\10.0.10240.0\ucrt\stdlib.h(568): note: voir la déclaration de '_strtoui64'
C:\Program Files (x86)\Microsoft Visual Studio 14.0\VC\include\cstdlib(39): error C2039: 'strtoll' : n'est pas membre de '`global namespace''
C:\Program Files (x86)\Microsoft Visual Studio 14.0\VC\include\cstdlib(39): error C2873: 'strtoll' : un symbole ne peut pas être utilisé dans une déclaration using
C:\Program Files (x86)\Microsoft Visual Studio 14.0\VC\include\cstdlib(39): error C2039: 'strtoull' : n'est pas membre de '`global namespace''
C:\Program Files (x86)\Microsoft Visual Studio 14.0\VC\include\cstdlib(39): error C2873: 'strtoull' : un symbole ne peut pas être utilisé dans une déclaration using
C:\Program Files (x86)\Microsoft Visual Studio 14.0\VC\include\string(274): error C2064: le terme ne correspond pas à une fonction qui prend 3 arguments
C:\Program Files (x86)\Microsoft Visual Studio 14.0\VC\include\string(291): error C2064: le terme ne correspond pas à une fonction qui prend 3 arguments
  Génération de code en cours...
